<?xml version="1.0" encoding="UTF-8"?>
<testng-results ignored="0" total="12" passed="7" failed="3" skipped="2">
  <reporter-output>
  </reporter-output>
  <suite started-at="2023-02-02T19:02:28 IST" name="TestSuite" finished-at="2023-02-02T19:14:32 IST" duration-ms="724761">
    <groups>
    </groups>
    <test started-at="2023-02-02T19:02:28 IST" name="ChromeTest" finished-at="2023-02-02T19:09:40 IST" duration-ms="432484">
      <class name="testngpack1.vericycreateacc">
        <test-method is-config="true" signature="beforeClass()[pri:0, instance:testngpack1.vericycreateacc@6b927fb]" started-at="2023-02-02T19:02:50 IST" name="beforeClass" finished-at="2023-02-02T19:03:04 IST" duration-ms="13276" status="PASS">
          <reporter-output>
          </reporter-output>
        </test-method> <!-- beforeClass -->
        <test-method is-config="true" signature="beforeMethod()[pri:0, instance:testngpack1.vericycreateacc@6b927fb]" started-at="2023-02-02T19:03:04 IST" name="beforeMethod" finished-at="2023-02-02T19:06:39 IST" duration-ms="215007" status="PASS">
          <reporter-output>
          </reporter-output>
        </test-method> <!-- beforeMethod -->
        <test-method signature="verifycreateamazonacc()[pri:0, instance:testngpack1.vericycreateacc@6b927fb]" started-at="2023-02-02T19:06:39 IST" name="verifycreateamazonacc" finished-at="2023-02-02T19:06:44 IST" duration-ms="5815" status="PASS">
          <reporter-output>
          </reporter-output>
        </test-method> <!-- verifycreateamazonacc -->
        <test-method is-config="true" signature="goBackToMainPage()[pri:0, instance:testngpack1.vericycreateacc@6b927fb]" started-at="2023-02-02T19:06:44 IST" name="goBackToMainPage" finished-at="2023-02-02T19:06:45 IST" duration-ms="174" status="PASS">
          <reporter-output>
          </reporter-output>
        </test-method> <!-- goBackToMainPage -->
        <test-method is-config="true" signature="beforeMethod()[pri:0, instance:testngpack1.vericycreateacc@6b927fb]" started-at="2023-02-02T19:06:45 IST" name="beforeMethod" finished-at="2023-02-02T19:07:40 IST" duration-ms="55421" status="PASS">
          <reporter-output>
          </reporter-output>
        </test-method> <!-- beforeMethod -->
        <test-method signature="verifyConditonofuselink()[pri:1, instance:testngpack1.vericycreateacc@6b927fb]" started-at="2023-02-02T19:07:40 IST" name="verifyConditonofuselink" finished-at="2023-02-02T19:07:57 IST" duration-ms="16892" status="PASS">
          <reporter-output>
          </reporter-output>
        </test-method> <!-- verifyConditonofuselink -->
        <test-method is-config="true" signature="goBackToMainPage()[pri:0, instance:testngpack1.vericycreateacc@6b927fb]" started-at="2023-02-02T19:07:57 IST" name="goBackToMainPage" finished-at="2023-02-02T19:07:57 IST" duration-ms="65" status="PASS">
          <reporter-output>
          </reporter-output>
        </test-method> <!-- goBackToMainPage -->
        <test-method is-config="true" signature="beforeMethod()[pri:0, instance:testngpack1.vericycreateacc@6b927fb]" started-at="2023-02-02T19:07:57 IST" name="beforeMethod" finished-at="2023-02-02T19:08:26 IST" duration-ms="28789" status="PASS">
          <reporter-output>
          </reporter-output>
        </test-method> <!-- beforeMethod -->
        <test-method signature="verifyPrivacyNoticelink()[pri:2, instance:testngpack1.vericycreateacc@6b927fb]" started-at="2023-02-02T19:08:26 IST" name="verifyPrivacyNoticelink" finished-at="2023-02-02T19:08:32 IST" duration-ms="6650" status="FAIL">
          <exception class="java.lang.AssertionError">
            <message>
              <![CDATA[expected [Amazon.in PrivacyNotice - Amazon Customer Service] but found [Amazon.in Privacy Notice - Amazon Customer Service]]]>
            </message>
            <full-stacktrace>
              <![CDATA[java.lang.AssertionError: expected [Amazon.in PrivacyNotice - Amazon Customer Service] but found [Amazon.in Privacy Notice - Amazon Customer Service]
at org.testng.Assert.fail(Assert.java:99)
at org.testng.Assert.failNotEquals(Assert.java:1037)
at org.testng.Assert.assertEqualsImpl(Assert.java:140)
at org.testng.Assert.assertEquals(Assert.java:122)
at org.testng.Assert.assertEquals(Assert.java:629)
at org.testng.Assert.assertEquals(Assert.java:639)
at testngpack1.vericycreateacc.verifyPrivacyNoticelink(vericycreateacc.java:75)
at java.base/jdk.internal.reflect.NativeMethodAccessorImpl.invoke0(Native Method)
at java.base/jdk.internal.reflect.NativeMethodAccessorImpl.invoke(NativeMethodAccessorImpl.java:77)
at java.base/jdk.internal.reflect.DelegatingMethodAccessorImpl.invoke(DelegatingMethodAccessorImpl.java:43)
at java.base/java.lang.reflect.Method.invoke(Method.java:568)
at org.testng.internal.MethodInvocationHelper.invokeMethod(MethodInvocationHelper.java:133)
at org.testng.internal.TestInvoker.invokeMethod(TestInvoker.java:598)
at org.testng.internal.TestInvoker.invokeTestMethod(TestInvoker.java:173)
at org.testng.internal.MethodRunner.runInSequence(MethodRunner.java:46)
at org.testng.internal.TestInvoker$MethodInvocationAgent.invoke(TestInvoker.java:824)
at org.testng.internal.TestInvoker.invokeTestMethods(TestInvoker.java:146)
at org.testng.internal.TestMethodWorker.invokeTestMethods(TestMethodWorker.java:146)
at org.testng.internal.TestMethodWorker.run(TestMethodWorker.java:128)
at java.base/java.util.concurrent.ThreadPoolExecutor.runWorker(ThreadPoolExecutor.java:1136)
at java.base/java.util.concurrent.ThreadPoolExecutor$Worker.run(ThreadPoolExecutor.java:635)
at java.base/java.lang.Thread.run(Thread.java:833)
]]>
            </full-stacktrace>
          </exception> <!-- java.lang.AssertionError -->
          <reporter-output>
          </reporter-output>
        </test-method> <!-- verifyPrivacyNoticelink -->
        <test-method is-config="true" signature="goBackToMainPage()[pri:0, instance:testngpack1.vericycreateacc@6b927fb]" started-at="2023-02-02T19:08:32 IST" name="goBackToMainPage" finished-at="2023-02-02T19:08:32 IST" duration-ms="29" status="PASS">
          <reporter-output>
          </reporter-output>
        </test-method> <!-- goBackToMainPage -->
        <test-method is-config="true" signature="beforeMethod()[pri:0, instance:testngpack1.vericycreateacc@6b927fb]" started-at="2023-02-02T19:08:32 IST" name="beforeMethod" finished-at="2023-02-02T19:09:23 IST" duration-ms="50852" status="PASS">
          <reporter-output>
          </reporter-output>
        </test-method> <!-- beforeMethod -->
        <test-method signature="verifyHelplink()[pri:3, instance:testngpack1.vericycreateacc@6b927fb]" started-at="2023-02-02T19:09:23 IST" name="verifyHelplink" finished-at="2023-02-02T19:09:37 IST" duration-ms="13831" status="PASS">
          <reporter-output>
          </reporter-output>
        </test-method> <!-- verifyHelplink -->
        <test-method is-config="true" signature="goBackToMainPage()[pri:0, instance:testngpack1.vericycreateacc@6b927fb]" started-at="2023-02-02T19:09:37 IST" name="goBackToMainPage" finished-at="2023-02-02T19:09:37 IST" duration-ms="37" status="PASS">
          <reporter-output>
          </reporter-output>
        </test-method> <!-- goBackToMainPage -->
        <test-method is-config="true" signature="closeBrowser()[pri:0, instance:testngpack1.vericycreateacc@6b927fb]" started-at="2023-02-02T19:09:37 IST" name="closeBrowser" finished-at="2023-02-02T19:09:37 IST" duration-ms="0" status="PASS">
          <reporter-output>
          </reporter-output>
        </test-method> <!-- closeBrowser -->
      </class> <!-- testngpack1.vericycreateacc -->
      <class name="testngpack1.crossbrowser">
        <test-method is-config="true" signature="launchBrowser(java.lang.String)[pri:0, instance:testngpack1.crossbrowser@4567f35d]" started-at="2023-02-02T19:02:28 IST" name="launchBrowser" finished-at="2023-02-02T19:02:50 IST" duration-ms="22559" status="PASS">
          <params>
            <param index="0">
              <value>
                <![CDATA[Chrome]]>
              </value>
            </param>
          </params>
          <reporter-output>
          </reporter-output>
        </test-method> <!-- launchBrowser -->
        <test-method is-config="true" signature="createPOMObject()[pri:0, instance:testngpack1.crossbrowser@4567f35d]" started-at="2023-02-02T19:02:50 IST" name="createPOMObject" finished-at="2023-02-02T19:02:51 IST" duration-ms="427" status="PASS">
          <reporter-output>
          </reporter-output>
        </test-method> <!-- createPOMObject -->
        <test-method is-config="true" signature="beforeMethod()[pri:0, instance:testngpack1.crossbrowser@4567f35d]" started-at="2023-02-02T19:02:51 IST" name="beforeMethod" finished-at="2023-02-02T19:04:52 IST" duration-ms="120891" status="PASS">
          <reporter-output>
          </reporter-output>
        </test-method> <!-- beforeMethod -->
        <test-method signature="verifySearchbutton()[pri:0, instance:testngpack1.crossbrowser@4567f35d]" started-at="2023-02-02T19:04:52 IST" name="verifySearchbutton" finished-at="2023-02-02T19:06:19 IST" duration-ms="87583" status="FAIL">
          <exception class="java.lang.AssertionError">
            <message>
              <![CDATA[expected [Amazon.in:mobile] but found [Amazon Sign In]]]>
            </message>
            <full-stacktrace>
              <![CDATA[java.lang.AssertionError: expected [Amazon.in:mobile] but found [Amazon Sign In]
at org.testng.Assert.fail(Assert.java:99)
at org.testng.Assert.failNotEquals(Assert.java:1037)
at org.testng.Assert.assertEqualsImpl(Assert.java:140)
at org.testng.Assert.assertEquals(Assert.java:122)
at org.testng.Assert.assertEquals(Assert.java:629)
at org.testng.Assert.assertEquals(Assert.java:639)
at testngpack1.crossbrowser.verifySearchbutton(crossbrowser.java:75)
at java.base/jdk.internal.reflect.NativeMethodAccessorImpl.invoke0(Native Method)
at java.base/jdk.internal.reflect.NativeMethodAccessorImpl.invoke(NativeMethodAccessorImpl.java:77)
at java.base/jdk.internal.reflect.DelegatingMethodAccessorImpl.invoke(DelegatingMethodAccessorImpl.java:43)
at java.base/java.lang.reflect.Method.invoke(Method.java:568)
at org.testng.internal.MethodInvocationHelper.invokeMethod(MethodInvocationHelper.java:133)
at org.testng.internal.TestInvoker.invokeMethod(TestInvoker.java:598)
at org.testng.internal.TestInvoker.invokeTestMethod(TestInvoker.java:173)
at org.testng.internal.MethodRunner.runInSequence(MethodRunner.java:46)
at org.testng.internal.TestInvoker$MethodInvocationAgent.invoke(TestInvoker.java:824)
at org.testng.internal.TestInvoker.invokeTestMethods(TestInvoker.java:146)
at org.testng.internal.TestMethodWorker.invokeTestMethods(TestMethodWorker.java:146)
at org.testng.internal.TestMethodWorker.run(TestMethodWorker.java:128)
at java.base/java.util.concurrent.ThreadPoolExecutor.runWorker(ThreadPoolExecutor.java:1136)
at java.base/java.util.concurrent.ThreadPoolExecutor$Worker.run(ThreadPoolExecutor.java:635)
at java.base/java.lang.Thread.run(Thread.java:833)
]]>
            </full-stacktrace>
          </exception> <!-- java.lang.AssertionError -->
          <reporter-output>
          </reporter-output>
        </test-method> <!-- verifySearchbutton -->
        <test-method is-config="true" signature="afterMethod()[pri:0, instance:testngpack1.crossbrowser@4567f35d]" started-at="2023-02-02T19:06:19 IST" name="afterMethod" finished-at="2023-02-02T19:06:19 IST" duration-ms="1" status="PASS">
          <reporter-output>
          </reporter-output>
        </test-method> <!-- afterMethod -->
        <test-method is-config="true" signature="beforeMethod()[pri:0, instance:testngpack1.crossbrowser@4567f35d]" started-at="2023-02-02T19:06:19 IST" name="beforeMethod" finished-at="2023-02-02T19:07:24 IST" duration-ms="64328" status="PASS">
          <reporter-output>
          </reporter-output>
        </test-method> <!-- beforeMethod -->
        <test-method signature="verifySigninbutton()[pri:1, instance:testngpack1.crossbrowser@4567f35d]" started-at="2023-02-02T19:07:24 IST" name="verifySigninbutton" finished-at="2023-02-02T19:07:24 IST" duration-ms="33" status="PASS">
          <reporter-output>
          </reporter-output>
        </test-method> <!-- verifySigninbutton -->
        <test-method is-config="true" signature="afterMethod()[pri:0, instance:testngpack1.crossbrowser@4567f35d]" started-at="2023-02-02T19:07:24 IST" name="afterMethod" finished-at="2023-02-02T19:07:24 IST" duration-ms="1" status="PASS">
          <reporter-output>
          </reporter-output>
        </test-method> <!-- afterMethod -->
        <test-method is-config="true" signature="closeBrowser()[pri:0, instance:testngpack1.crossbrowser@4567f35d]" started-at="2023-02-02T19:07:24 IST" name="closeBrowser" finished-at="2023-02-02T19:07:24 IST" duration-ms="0" status="PASS">
          <reporter-output>
          </reporter-output>
        </test-method> <!-- closeBrowser -->
        <test-method is-config="true" signature="afterClass()[pri:0, instance:testngpack1.crossbrowser@4567f35d]" started-at="2023-02-02T19:09:37 IST" name="afterClass" finished-at="2023-02-02T19:09:40 IST" duration-ms="2984" status="PASS">
          <reporter-output>
          </reporter-output>
        </test-method> <!-- afterClass -->
      </class> <!-- testngpack1.crossbrowser -->
    </test> <!-- ChromeTest -->
    <test started-at="2023-02-02T19:09:41 IST" name="FirefoxTest" finished-at="2023-02-02T19:14:32 IST" duration-ms="291514">
      <class name="testngpack1.vericycreateacc">
        <test-method is-config="true" signature="beforeClass()[pri:0, instance:testngpack1.vericycreateacc@2f9f7dcf]" started-at="2023-02-02T19:10:08 IST" name="beforeClass" finished-at="2023-02-02T19:10:23 IST" duration-ms="14714" status="PASS">
          <reporter-output>
          </reporter-output>
        </test-method> <!-- beforeClass -->
        <test-method is-config="true" signature="beforeMethod()[pri:0, instance:testngpack1.vericycreateacc@2f9f7dcf]" started-at="2023-02-02T19:10:23 IST" name="beforeMethod" finished-at="2023-02-02T19:11:55 IST" duration-ms="91958" status="PASS">
          <reporter-output>
          </reporter-output>
        </test-method> <!-- beforeMethod -->
        <test-method signature="verifycreateamazonacc()[pri:0, instance:testngpack1.vericycreateacc@2f9f7dcf]" started-at="2023-02-02T19:11:55 IST" name="verifycreateamazonacc" finished-at="2023-02-02T19:12:04 IST" duration-ms="9003" status="PASS">
          <reporter-output>
          </reporter-output>
        </test-method> <!-- verifycreateamazonacc -->
        <test-method is-config="true" signature="goBackToMainPage()[pri:0, instance:testngpack1.vericycreateacc@2f9f7dcf]" started-at="2023-02-02T19:12:04 IST" name="goBackToMainPage" finished-at="2023-02-02T19:12:04 IST" duration-ms="18" status="PASS">
          <reporter-output>
          </reporter-output>
        </test-method> <!-- goBackToMainPage -->
        <test-method is-config="true" signature="beforeMethod()[pri:0, instance:testngpack1.vericycreateacc@2f9f7dcf]" started-at="2023-02-02T19:12:04 IST" name="beforeMethod" finished-at="2023-02-02T19:13:03 IST" duration-ms="59239" status="PASS">
          <reporter-output>
          </reporter-output>
        </test-method> <!-- beforeMethod -->
        <test-method signature="verifyConditonofuselink()[pri:1, instance:testngpack1.vericycreateacc@2f9f7dcf]" started-at="2023-02-02T19:13:03 IST" name="verifyConditonofuselink" finished-at="2023-02-02T19:13:46 IST" duration-ms="42443" status="PASS">
          <reporter-output>
          </reporter-output>
        </test-method> <!-- verifyConditonofuselink -->
        <test-method is-config="true" signature="goBackToMainPage()[pri:0, instance:testngpack1.vericycreateacc@2f9f7dcf]" started-at="2023-02-02T19:13:46 IST" name="goBackToMainPage" finished-at="2023-02-02T19:13:46 IST" duration-ms="29" status="PASS">
          <reporter-output>
          </reporter-output>
        </test-method> <!-- goBackToMainPage -->
        <test-method is-config="true" signature="beforeMethod()[pri:0, instance:testngpack1.vericycreateacc@2f9f7dcf]" started-at="2023-02-02T19:13:46 IST" name="beforeMethod" finished-at="2023-02-02T19:14:11 IST" duration-ms="24998" status="PASS">
          <reporter-output>
          </reporter-output>
        </test-method> <!-- beforeMethod -->
        <test-method signature="verifyPrivacyNoticelink()[pri:2, instance:testngpack1.vericycreateacc@2f9f7dcf]" started-at="2023-02-02T19:14:11 IST" name="verifyPrivacyNoticelink" finished-at="2023-02-02T19:14:15 IST" duration-ms="4455" status="FAIL">
          <exception class="java.lang.AssertionError">
            <message>
              <![CDATA[expected [Amazon.in PrivacyNotice - Amazon Customer Service] but found [Amazon.in Privacy Notice - Amazon Customer Service]]]>
            </message>
            <full-stacktrace>
              <![CDATA[java.lang.AssertionError: expected [Amazon.in PrivacyNotice - Amazon Customer Service] but found [Amazon.in Privacy Notice - Amazon Customer Service]
at org.testng.Assert.fail(Assert.java:99)
at org.testng.Assert.failNotEquals(Assert.java:1037)
at org.testng.Assert.assertEqualsImpl(Assert.java:140)
at org.testng.Assert.assertEquals(Assert.java:122)
at org.testng.Assert.assertEquals(Assert.java:629)
at org.testng.Assert.assertEquals(Assert.java:639)
at testngpack1.vericycreateacc.verifyPrivacyNoticelink(vericycreateacc.java:75)
at java.base/jdk.internal.reflect.NativeMethodAccessorImpl.invoke0(Native Method)
at java.base/jdk.internal.reflect.NativeMethodAccessorImpl.invoke(NativeMethodAccessorImpl.java:77)
at java.base/jdk.internal.reflect.DelegatingMethodAccessorImpl.invoke(DelegatingMethodAccessorImpl.java:43)
at java.base/java.lang.reflect.Method.invoke(Method.java:568)
at org.testng.internal.MethodInvocationHelper.invokeMethod(MethodInvocationHelper.java:133)
at org.testng.internal.TestInvoker.invokeMethod(TestInvoker.java:598)
at org.testng.internal.TestInvoker.invokeTestMethod(TestInvoker.java:173)
at org.testng.internal.MethodRunner.runInSequence(MethodRunner.java:46)
at org.testng.internal.TestInvoker$MethodInvocationAgent.invoke(TestInvoker.java:824)
at org.testng.internal.TestInvoker.invokeTestMethods(TestInvoker.java:146)
at org.testng.internal.TestMethodWorker.invokeTestMethods(TestMethodWorker.java:146)
at org.testng.internal.TestMethodWorker.run(TestMethodWorker.java:128)
at java.base/java.util.concurrent.ThreadPoolExecutor.runWorker(ThreadPoolExecutor.java:1136)
at java.base/java.util.concurrent.ThreadPoolExecutor$Worker.run(ThreadPoolExecutor.java:635)
at java.base/java.lang.Thread.run(Thread.java:833)
]]>
            </full-stacktrace>
          </exception> <!-- java.lang.AssertionError -->
          <reporter-output>
          </reporter-output>
        </test-method> <!-- verifyPrivacyNoticelink -->
        <test-method is-config="true" signature="goBackToMainPage()[pri:0, instance:testngpack1.vericycreateacc@2f9f7dcf]" started-at="2023-02-02T19:14:15 IST" name="goBackToMainPage" finished-at="2023-02-02T19:14:15 IST" duration-ms="28" status="PASS">
          <reporter-output>
          </reporter-output>
        </test-method> <!-- goBackToMainPage -->
        <test-method is-config="true" signature="beforeMethod()[pri:0, instance:testngpack1.vericycreateacc@2f9f7dcf]" started-at="2023-02-02T19:14:15 IST" name="beforeMethod" finished-at="2023-02-02T19:14:25 IST" duration-ms="9354" status="PASS">
          <reporter-output>
          </reporter-output>
        </test-method> <!-- beforeMethod -->
        <test-method signature="verifyHelplink()[pri:3, instance:testngpack1.vericycreateacc@2f9f7dcf]" started-at="2023-02-02T19:14:25 IST" name="verifyHelplink" finished-at="2023-02-02T19:14:32 IST" duration-ms="7520" status="PASS">
          <reporter-output>
          </reporter-output>
        </test-method> <!-- verifyHelplink -->
        <test-method is-config="true" signature="goBackToMainPage()[pri:0, instance:testngpack1.vericycreateacc@2f9f7dcf]" started-at="2023-02-02T19:14:32 IST" name="goBackToMainPage" finished-at="2023-02-02T19:14:32 IST" duration-ms="36" status="PASS">
          <reporter-output>
          </reporter-output>
        </test-method> <!-- goBackToMainPage -->
        <test-method is-config="true" signature="closeBrowser()[pri:0, instance:testngpack1.vericycreateacc@2f9f7dcf]" started-at="2023-02-02T19:14:32 IST" name="closeBrowser" finished-at="2023-02-02T19:14:32 IST" duration-ms="1" status="PASS">
          <reporter-output>
          </reporter-output>
        </test-method> <!-- closeBrowser -->
      </class> <!-- testngpack1.vericycreateacc -->
      <class name="testngpack1.crossbrowser">
        <test-method is-config="true" signature="launchBrowser(java.lang.String)[pri:0, instance:testngpack1.crossbrowser@5b8dfcc1]" started-at="2023-02-02T19:09:41 IST" name="launchBrowser" finished-at="2023-02-02T19:10:08 IST" duration-ms="27649" status="PASS">
          <params>
            <param index="0">
              <value>
                <![CDATA[Firefox]]>
              </value>
            </param>
          </params>
          <reporter-output>
          </reporter-output>
        </test-method> <!-- launchBrowser -->
        <test-method is-config="true" signature="createPOMObject()[pri:0, instance:testngpack1.crossbrowser@5b8dfcc1]" started-at="2023-02-02T19:10:08 IST" name="createPOMObject" finished-at="2023-02-02T19:10:08 IST" duration-ms="2" status="PASS">
          <reporter-output>
          </reporter-output>
        </test-method> <!-- createPOMObject -->
        <test-method is-config="true" signature="beforeMethod()[pri:0, instance:testngpack1.crossbrowser@5b8dfcc1]" started-at="2023-02-02T19:10:08 IST" name="beforeMethod" finished-at="2023-02-02T19:11:23 IST" duration-ms="74028" status="FAIL">
          <exception class="org.openqa.selenium.interactions.MoveTargetOutOfBoundsException">
            <message>
              <![CDATA[Origin element is not displayed
Build info: version: '3.141.59', revision: 'e82be7d358', time: '2018-11-14T08:17:03'
System info: host: 'LAPTOP-TBG7DKGB', ip: '192.168.43.238', os.name: 'Windows 10', os.arch: 'amd64', os.version: '10.0', java.version: '17.0.4.1'
Driver info: org.openqa.selenium.firefox.FirefoxDriver
Capabilities {acceptInsecureCerts: true, browserName: firefox, browserVersion: 109.0, javascriptEnabled: true, moz:accessibilityChecks: false, moz:buildID: 20230112150232, moz:geckodriverVersion: 0.32.0, moz:headless: false, moz:platformVersion: 10.0, moz:processID: 10724, moz:profile: C:\Users\Sai\AppData\Local\..., moz:shutdownTimeout: 60000, moz:useNonSpecCompliantPointerOrigin: false, moz:webdriverClick: true, moz:windowless: false, pageLoadStrategy: normal, platform: WINDOWS, platformName: WINDOWS, proxy: Proxy(), setWindowRect: true, strictFileInteractability: false, timeouts: {implicit: 0, pageLoad: 300000, script: 30000}, unhandledPromptBehavior: dismiss and notify}
Session ID: 5bf217c0-a8aa-4d5e-8146-0fd857c6c3ee]]>
            </message>
            <full-stacktrace>
              <![CDATA[org.openqa.selenium.interactions.MoveTargetOutOfBoundsException: Origin element is not displayed
Build info: version: '3.141.59', revision: 'e82be7d358', time: '2018-11-14T08:17:03'
System info: host: 'LAPTOP-TBG7DKGB', ip: '192.168.43.238', os.name: 'Windows 10', os.arch: 'amd64', os.version: '10.0', java.version: '17.0.4.1'
Driver info: org.openqa.selenium.firefox.FirefoxDriver
Capabilities {acceptInsecureCerts: true, browserName: firefox, browserVersion: 109.0, javascriptEnabled: true, moz:accessibilityChecks: false, moz:buildID: 20230112150232, moz:geckodriverVersion: 0.32.0, moz:headless: false, moz:platformVersion: 10.0, moz:processID: 10724, moz:profile: C:\Users\Sai\AppData\Local\..., moz:shutdownTimeout: 60000, moz:useNonSpecCompliantPointerOrigin: false, moz:webdriverClick: true, moz:windowless: false, pageLoadStrategy: normal, platform: WINDOWS, platformName: WINDOWS, proxy: Proxy(), setWindowRect: true, strictFileInteractability: false, timeouts: {implicit: 0, pageLoad: 300000, script: 30000}, unhandledPromptBehavior: dismiss and notify}
Session ID: 5bf217c0-a8aa-4d5e-8146-0fd857c6c3ee
at java.base/jdk.internal.reflect.NativeConstructorAccessorImpl.newInstance0(Native Method)
at java.base/jdk.internal.reflect.NativeConstructorAccessorImpl.newInstance(NativeConstructorAccessorImpl.java:77)
at java.base/jdk.internal.reflect.DelegatingConstructorAccessorImpl.newInstance(DelegatingConstructorAccessorImpl.java:45)
at java.base/java.lang.reflect.Constructor.newInstanceWithCaller(Constructor.java:499)
at java.base/java.lang.reflect.Constructor.newInstance(Constructor.java:480)
at org.openqa.selenium.remote.http.W3CHttpResponseCodec.createException(W3CHttpResponseCodec.java:187)
at org.openqa.selenium.remote.http.W3CHttpResponseCodec.decode(W3CHttpResponseCodec.java:122)
at org.openqa.selenium.remote.http.W3CHttpResponseCodec.decode(W3CHttpResponseCodec.java:49)
at org.openqa.selenium.remote.HttpCommandExecutor.execute(HttpCommandExecutor.java:158)
at org.openqa.selenium.remote.service.DriverCommandExecutor.execute(DriverCommandExecutor.java:83)
at org.openqa.selenium.remote.RemoteWebDriver.execute(RemoteWebDriver.java:552)
at org.openqa.selenium.remote.RemoteWebDriver.perform(RemoteWebDriver.java:618)
at org.openqa.selenium.interactions.Actions$BuiltAction.perform(Actions.java:639)
at practicepack.search.clinkonsignbutton(search.java:45)
at testngpack1.crossbrowser.beforeMethod(crossbrowser.java:67)
at java.base/jdk.internal.reflect.NativeMethodAccessorImpl.invoke0(Native Method)
at java.base/jdk.internal.reflect.NativeMethodAccessorImpl.invoke(NativeMethodAccessorImpl.java:77)
at java.base/jdk.internal.reflect.DelegatingMethodAccessorImpl.invoke(DelegatingMethodAccessorImpl.java:43)
at java.base/java.lang.reflect.Method.invoke(Method.java:568)
at org.testng.internal.MethodInvocationHelper.invokeMethod(MethodInvocationHelper.java:133)
at org.testng.internal.MethodInvocationHelper.invokeMethodConsideringTimeout(MethodInvocationHelper.java:62)
at org.testng.internal.ConfigInvoker.invokeConfigurationMethod(ConfigInvoker.java:385)
at org.testng.internal.ConfigInvoker.invokeConfigurations(ConfigInvoker.java:321)
at org.testng.internal.TestInvoker.runConfigMethods(TestInvoker.java:700)
at org.testng.internal.TestInvoker.invokeMethod(TestInvoker.java:527)
at org.testng.internal.TestInvoker.invokeTestMethod(TestInvoker.java:173)
at org.testng.internal.MethodRunner.runInSequence(MethodRunner.java:46)
at org.testng.internal.TestInvoker$MethodInvocationAgent.invoke(TestInvoker.java:824)
at org.testng.internal.TestInvoker.invokeTestMethods(TestInvoker.java:146)
at org.testng.internal.TestMethodWorker.invokeTestMethods(TestMethodWorker.java:146)
at org.testng.internal.TestMethodWorker.run(TestMethodWorker.java:128)
at java.base/java.util.concurrent.ThreadPoolExecutor.runWorker(ThreadPoolExecutor.java:1136)
at java.base/java.util.concurrent.ThreadPoolExecutor$Worker.run(ThreadPoolExecutor.java:635)
at java.base/java.lang.Thread.run(Thread.java:833)
]]>
            </full-stacktrace>
          </exception> <!-- org.openqa.selenium.interactions.MoveTargetOutOfBoundsException -->
          <reporter-output>
          </reporter-output>
        </test-method> <!-- beforeMethod -->
        <test-method signature="verifySearchbutton()[pri:0, instance:testngpack1.crossbrowser@5b8dfcc1]" started-at="2023-02-02T19:11:23 IST" name="verifySearchbutton" finished-at="2023-02-02T19:11:23 IST" duration-ms="0" status="SKIP">
          <exception class="org.openqa.selenium.interactions.MoveTargetOutOfBoundsException">
            <message>
              <![CDATA[Origin element is not displayed
Build info: version: '3.141.59', revision: 'e82be7d358', time: '2018-11-14T08:17:03'
System info: host: 'LAPTOP-TBG7DKGB', ip: '192.168.43.238', os.name: 'Windows 10', os.arch: 'amd64', os.version: '10.0', java.version: '17.0.4.1'
Driver info: org.openqa.selenium.firefox.FirefoxDriver
Capabilities {acceptInsecureCerts: true, browserName: firefox, browserVersion: 109.0, javascriptEnabled: true, moz:accessibilityChecks: false, moz:buildID: 20230112150232, moz:geckodriverVersion: 0.32.0, moz:headless: false, moz:platformVersion: 10.0, moz:processID: 10724, moz:profile: C:\Users\Sai\AppData\Local\..., moz:shutdownTimeout: 60000, moz:useNonSpecCompliantPointerOrigin: false, moz:webdriverClick: true, moz:windowless: false, pageLoadStrategy: normal, platform: WINDOWS, platformName: WINDOWS, proxy: Proxy(), setWindowRect: true, strictFileInteractability: false, timeouts: {implicit: 0, pageLoad: 300000, script: 30000}, unhandledPromptBehavior: dismiss and notify}
Session ID: 5bf217c0-a8aa-4d5e-8146-0fd857c6c3ee]]>
            </message>
            <full-stacktrace>
              <![CDATA[org.openqa.selenium.interactions.MoveTargetOutOfBoundsException: Origin element is not displayed
Build info: version: '3.141.59', revision: 'e82be7d358', time: '2018-11-14T08:17:03'
System info: host: 'LAPTOP-TBG7DKGB', ip: '192.168.43.238', os.name: 'Windows 10', os.arch: 'amd64', os.version: '10.0', java.version: '17.0.4.1'
Driver info: org.openqa.selenium.firefox.FirefoxDriver
Capabilities {acceptInsecureCerts: true, browserName: firefox, browserVersion: 109.0, javascriptEnabled: true, moz:accessibilityChecks: false, moz:buildID: 20230112150232, moz:geckodriverVersion: 0.32.0, moz:headless: false, moz:platformVersion: 10.0, moz:processID: 10724, moz:profile: C:\Users\Sai\AppData\Local\..., moz:shutdownTimeout: 60000, moz:useNonSpecCompliantPointerOrigin: false, moz:webdriverClick: true, moz:windowless: false, pageLoadStrategy: normal, platform: WINDOWS, platformName: WINDOWS, proxy: Proxy(), setWindowRect: true, strictFileInteractability: false, timeouts: {implicit: 0, pageLoad: 300000, script: 30000}, unhandledPromptBehavior: dismiss and notify}
Session ID: 5bf217c0-a8aa-4d5e-8146-0fd857c6c3ee
at java.base/jdk.internal.reflect.NativeConstructorAccessorImpl.newInstance0(Native Method)
at java.base/jdk.internal.reflect.NativeConstructorAccessorImpl.newInstance(NativeConstructorAccessorImpl.java:77)
at java.base/jdk.internal.reflect.DelegatingConstructorAccessorImpl.newInstance(DelegatingConstructorAccessorImpl.java:45)
at java.base/java.lang.reflect.Constructor.newInstanceWithCaller(Constructor.java:499)
at java.base/java.lang.reflect.Constructor.newInstance(Constructor.java:480)
at org.openqa.selenium.remote.http.W3CHttpResponseCodec.createException(W3CHttpResponseCodec.java:187)
at org.openqa.selenium.remote.http.W3CHttpResponseCodec.decode(W3CHttpResponseCodec.java:122)
at org.openqa.selenium.remote.http.W3CHttpResponseCodec.decode(W3CHttpResponseCodec.java:49)
at org.openqa.selenium.remote.HttpCommandExecutor.execute(HttpCommandExecutor.java:158)
at org.openqa.selenium.remote.service.DriverCommandExecutor.execute(DriverCommandExecutor.java:83)
at org.openqa.selenium.remote.RemoteWebDriver.execute(RemoteWebDriver.java:552)
at org.openqa.selenium.remote.RemoteWebDriver.perform(RemoteWebDriver.java:618)
at org.openqa.selenium.interactions.Actions$BuiltAction.perform(Actions.java:639)
at practicepack.search.clinkonsignbutton(search.java:45)
at testngpack1.crossbrowser.beforeMethod(crossbrowser.java:67)
at java.base/jdk.internal.reflect.NativeMethodAccessorImpl.invoke0(Native Method)
at java.base/jdk.internal.reflect.NativeMethodAccessorImpl.invoke(NativeMethodAccessorImpl.java:77)
at java.base/jdk.internal.reflect.DelegatingMethodAccessorImpl.invoke(DelegatingMethodAccessorImpl.java:43)
at java.base/java.lang.reflect.Method.invoke(Method.java:568)
at org.testng.internal.MethodInvocationHelper.invokeMethod(MethodInvocationHelper.java:133)
at org.testng.internal.MethodInvocationHelper.invokeMethodConsideringTimeout(MethodInvocationHelper.java:62)
at org.testng.internal.ConfigInvoker.invokeConfigurationMethod(ConfigInvoker.java:385)
at org.testng.internal.ConfigInvoker.invokeConfigurations(ConfigInvoker.java:321)
at org.testng.internal.TestInvoker.runConfigMethods(TestInvoker.java:700)
at org.testng.internal.TestInvoker.invokeMethod(TestInvoker.java:527)
at org.testng.internal.TestInvoker.invokeTestMethod(TestInvoker.java:173)
at org.testng.internal.MethodRunner.runInSequence(MethodRunner.java:46)
at org.testng.internal.TestInvoker$MethodInvocationAgent.invoke(TestInvoker.java:824)
at org.testng.internal.TestInvoker.invokeTestMethods(TestInvoker.java:146)
at org.testng.internal.TestMethodWorker.invokeTestMethods(TestMethodWorker.java:146)
at org.testng.internal.TestMethodWorker.run(TestMethodWorker.java:128)
at java.base/java.util.concurrent.ThreadPoolExecutor.runWorker(ThreadPoolExecutor.java:1136)
at java.base/java.util.concurrent.ThreadPoolExecutor$Worker.run(ThreadPoolExecutor.java:635)
at java.base/java.lang.Thread.run(Thread.java:833)
]]>
            </full-stacktrace>
          </exception> <!-- org.openqa.selenium.interactions.MoveTargetOutOfBoundsException -->
          <reporter-output>
          </reporter-output>
        </test-method> <!-- verifySearchbutton -->
        <test-method is-config="true" signature="afterMethod()[pri:0, instance:testngpack1.crossbrowser@5b8dfcc1]" started-at="2023-02-02T19:11:23 IST" name="afterMethod" finished-at="1970-01-01T05:30:00 IST" duration-ms="-1675345283061" status="SKIP">
          <reporter-output>
          </reporter-output>
        </test-method> <!-- afterMethod -->
        <test-method is-config="true" signature="beforeMethod()[pri:0, instance:testngpack1.crossbrowser@5b8dfcc1]" started-at="2023-02-02T19:11:23 IST" name="beforeMethod" finished-at="1970-01-01T05:30:00 IST" duration-ms="-1675345283064" status="SKIP">
          <reporter-output>
          </reporter-output>
        </test-method> <!-- beforeMethod -->
        <test-method signature="verifySigninbutton()[pri:1, instance:testngpack1.crossbrowser@5b8dfcc1]" started-at="2023-02-02T19:11:23 IST" name="verifySigninbutton" finished-at="2023-02-02T19:11:23 IST" duration-ms="0" status="SKIP">
          <exception class="org.openqa.selenium.interactions.MoveTargetOutOfBoundsException">
            <message>
              <![CDATA[Origin element is not displayed
Build info: version: '3.141.59', revision: 'e82be7d358', time: '2018-11-14T08:17:03'
System info: host: 'LAPTOP-TBG7DKGB', ip: '192.168.43.238', os.name: 'Windows 10', os.arch: 'amd64', os.version: '10.0', java.version: '17.0.4.1'
Driver info: org.openqa.selenium.firefox.FirefoxDriver
Capabilities {acceptInsecureCerts: true, browserName: firefox, browserVersion: 109.0, javascriptEnabled: true, moz:accessibilityChecks: false, moz:buildID: 20230112150232, moz:geckodriverVersion: 0.32.0, moz:headless: false, moz:platformVersion: 10.0, moz:processID: 10724, moz:profile: C:\Users\Sai\AppData\Local\..., moz:shutdownTimeout: 60000, moz:useNonSpecCompliantPointerOrigin: false, moz:webdriverClick: true, moz:windowless: false, pageLoadStrategy: normal, platform: WINDOWS, platformName: WINDOWS, proxy: Proxy(), setWindowRect: true, strictFileInteractability: false, timeouts: {implicit: 0, pageLoad: 300000, script: 30000}, unhandledPromptBehavior: dismiss and notify}
Session ID: 5bf217c0-a8aa-4d5e-8146-0fd857c6c3ee]]>
            </message>
            <full-stacktrace>
              <![CDATA[org.openqa.selenium.interactions.MoveTargetOutOfBoundsException: Origin element is not displayed
Build info: version: '3.141.59', revision: 'e82be7d358', time: '2018-11-14T08:17:03'
System info: host: 'LAPTOP-TBG7DKGB', ip: '192.168.43.238', os.name: 'Windows 10', os.arch: 'amd64', os.version: '10.0', java.version: '17.0.4.1'
Driver info: org.openqa.selenium.firefox.FirefoxDriver
Capabilities {acceptInsecureCerts: true, browserName: firefox, browserVersion: 109.0, javascriptEnabled: true, moz:accessibilityChecks: false, moz:buildID: 20230112150232, moz:geckodriverVersion: 0.32.0, moz:headless: false, moz:platformVersion: 10.0, moz:processID: 10724, moz:profile: C:\Users\Sai\AppData\Local\..., moz:shutdownTimeout: 60000, moz:useNonSpecCompliantPointerOrigin: false, moz:webdriverClick: true, moz:windowless: false, pageLoadStrategy: normal, platform: WINDOWS, platformName: WINDOWS, proxy: Proxy(), setWindowRect: true, strictFileInteractability: false, timeouts: {implicit: 0, pageLoad: 300000, script: 30000}, unhandledPromptBehavior: dismiss and notify}
Session ID: 5bf217c0-a8aa-4d5e-8146-0fd857c6c3ee
at java.base/jdk.internal.reflect.NativeConstructorAccessorImpl.newInstance0(Native Method)
at java.base/jdk.internal.reflect.NativeConstructorAccessorImpl.newInstance(NativeConstructorAccessorImpl.java:77)
at java.base/jdk.internal.reflect.DelegatingConstructorAccessorImpl.newInstance(DelegatingConstructorAccessorImpl.java:45)
at java.base/java.lang.reflect.Constructor.newInstanceWithCaller(Constructor.java:499)
at java.base/java.lang.reflect.Constructor.newInstance(Constructor.java:480)
at org.openqa.selenium.remote.http.W3CHttpResponseCodec.createException(W3CHttpResponseCodec.java:187)
at org.openqa.selenium.remote.http.W3CHttpResponseCodec.decode(W3CHttpResponseCodec.java:122)
at org.openqa.selenium.remote.http.W3CHttpResponseCodec.decode(W3CHttpResponseCodec.java:49)
at org.openqa.selenium.remote.HttpCommandExecutor.execute(HttpCommandExecutor.java:158)
at org.openqa.selenium.remote.service.DriverCommandExecutor.execute(DriverCommandExecutor.java:83)
at org.openqa.selenium.remote.RemoteWebDriver.execute(RemoteWebDriver.java:552)
at org.openqa.selenium.remote.RemoteWebDriver.perform(RemoteWebDriver.java:618)
at org.openqa.selenium.interactions.Actions$BuiltAction.perform(Actions.java:639)
at practicepack.search.clinkonsignbutton(search.java:45)
at testngpack1.crossbrowser.beforeMethod(crossbrowser.java:67)
at java.base/jdk.internal.reflect.NativeMethodAccessorImpl.invoke0(Native Method)
at java.base/jdk.internal.reflect.NativeMethodAccessorImpl.invoke(NativeMethodAccessorImpl.java:77)
at java.base/jdk.internal.reflect.DelegatingMethodAccessorImpl.invoke(DelegatingMethodAccessorImpl.java:43)
at java.base/java.lang.reflect.Method.invoke(Method.java:568)
at org.testng.internal.MethodInvocationHelper.invokeMethod(MethodInvocationHelper.java:133)
at org.testng.internal.MethodInvocationHelper.invokeMethodConsideringTimeout(MethodInvocationHelper.java:62)
at org.testng.internal.ConfigInvoker.invokeConfigurationMethod(ConfigInvoker.java:385)
at org.testng.internal.ConfigInvoker.invokeConfigurations(ConfigInvoker.java:321)
at org.testng.internal.TestInvoker.runConfigMethods(TestInvoker.java:700)
at org.testng.internal.TestInvoker.invokeMethod(TestInvoker.java:527)
at org.testng.internal.TestInvoker.invokeTestMethod(TestInvoker.java:173)
at org.testng.internal.MethodRunner.runInSequence(MethodRunner.java:46)
at org.testng.internal.TestInvoker$MethodInvocationAgent.invoke(TestInvoker.java:824)
at org.testng.internal.TestInvoker.invokeTestMethods(TestInvoker.java:146)
at org.testng.internal.TestMethodWorker.invokeTestMethods(TestMethodWorker.java:146)
at org.testng.internal.TestMethodWorker.run(TestMethodWorker.java:128)
at java.base/java.util.concurrent.ThreadPoolExecutor.runWorker(ThreadPoolExecutor.java:1136)
at java.base/java.util.concurrent.ThreadPoolExecutor$Worker.run(ThreadPoolExecutor.java:635)
at java.base/java.lang.Thread.run(Thread.java:833)
]]>
            </full-stacktrace>
          </exception> <!-- org.openqa.selenium.interactions.MoveTargetOutOfBoundsException -->
          <reporter-output>
          </reporter-output>
        </test-method> <!-- verifySigninbutton -->
        <test-method is-config="true" signature="afterMethod()[pri:0, instance:testngpack1.crossbrowser@5b8dfcc1]" started-at="2023-02-02T19:11:23 IST" name="afterMethod" finished-at="1970-01-01T05:30:00 IST" duration-ms="-1675345283068" status="SKIP">
          <reporter-output>
          </reporter-output>
        </test-method> <!-- afterMethod -->
        <test-method is-config="true" signature="closeBrowser()[pri:0, instance:testngpack1.crossbrowser@5b8dfcc1]" started-at="2023-02-02T19:11:23 IST" name="closeBrowser" finished-at="1970-01-01T05:30:00 IST" duration-ms="-1675345283069" status="SKIP">
          <reporter-output>
          </reporter-output>
        </test-method> <!-- closeBrowser -->
        <test-method is-config="true" signature="afterClass()[pri:0, instance:testngpack1.crossbrowser@5b8dfcc1]" started-at="2023-02-02T19:14:32 IST" name="afterClass" finished-at="1970-01-01T05:30:00 IST" duration-ms="-1675345472799" status="SKIP">
          <reporter-output>
          </reporter-output>
        </test-method> <!-- afterClass -->
      </class> <!-- testngpack1.crossbrowser -->
    </test> <!-- FirefoxTest -->
  </suite> <!-- TestSuite -->
</testng-results>
