<?xml version="1.0" encoding="UTF-8"?>
<!-- Generated by org.testng.reporters.JUnitXMLReporter -->
<testsuite ignored="0" hostname="LAPTOP-TBG7DKGB" failures="2" tests="6" name="ChromeTest" time="432.484" errors="0" timestamp="2023-02-02T19:09:40 IST">
  <testcase classname="testngpack1.crossbrowser" name="verifySearchbutton" time="87.583">
    <failure type="java.lang.AssertionError" message="expected [Amazon.in:mobile] but found [Amazon Sign In]">
      <![CDATA[java.lang.AssertionError: expected [Amazon.in:mobile] but found [Amazon Sign In]
at testngpack1.crossbrowser.verifySearchbutton(crossbrowser.java:75)
at java.base/java.util.concurrent.ThreadPoolExecutor.runWorker(ThreadPoolExecutor.java:1136)
at java.base/java.util.concurrent.ThreadPoolExecutor$Worker.run(ThreadPoolExecutor.java:635)
at java.base/java.lang.Thread.run(Thread.java:833)
... Removed 18 stack frames]]>
    </failure>
  </testcase> <!-- verifySearchbutton -->
  <testcase classname="testngpack1.vericycreateacc" name="verifycreateamazonacc" time="5.815"/>
  <testcase classname="testngpack1.crossbrowser" name="verifySigninbutton" time="0.033"/>
  <testcase classname="testngpack1.vericycreateacc" name="verifyConditonofuselink" time="16.892"/>
  <testcase classname="testngpack1.vericycreateacc" name="verifyPrivacyNoticelink" time="6.65">
    <failure type="java.lang.AssertionError" message="expected [Amazon.in PrivacyNotice - Amazon Customer Service] but found [Amazon.in Privacy Notice - Amazon Customer Service]">
      <![CDATA[java.lang.AssertionError: expected [Amazon.in PrivacyNotice - Amazon Customer Service] but found [Amazon.in Privacy Notice - Amazon Customer Service]
at testngpack1.vericycreateacc.verifyPrivacyNoticelink(vericycreateacc.java:75)
at java.base/java.util.concurrent.ThreadPoolExecutor.runWorker(ThreadPoolExecutor.java:1136)
at java.base/java.util.concurrent.ThreadPoolExecutor$Worker.run(ThreadPoolExecutor.java:635)
at java.base/java.lang.Thread.run(Thread.java:833)
... Removed 18 stack frames]]>
    </failure>
  </testcase> <!-- verifyPrivacyNoticelink -->
  <testcase classname="testngpack1.vericycreateacc" name="verifyHelplink" time="13.831"/>
</testsuite> <!-- ChromeTest -->
